02:26:57.126 [main                     ] DEBUG Logger               - Configured Logger
02:26:57.147 [main                     ] DEBUG GameApplication      - Logging settings
Title: Simulador de Restaurante
Version: 1.0
Width: 1000
Height: 600
Fullscreen: false
Intro: false
Profiling: false
Single step:false
App Mode: DEVELOPER
Menu Key: ESCAPE
Stage Style: DECORATED
Scene Factory: class com.almasb.fxgl.app.scene.SceneFactory

02:26:57.702 [JavaFX Application Thread] DEBUG FXGLApplication      - Initializing FXGL
02:26:57.716 [JavaFX Application Thread] INFO  Engine               - FXGL-17.3 (30.03.2023 11.49) on LINUX (J:21.0.5 FX:21.0.1)
02:26:57.718 [JavaFX Application Thread] DEBUG Engine               - JRE Vendor Name: Ubuntu
02:26:57.719 [JavaFX Application Thread] DEBUG Engine               - Running on OS: Linux version 6.8.0-49-generic
02:26:57.719 [JavaFX Application Thread] DEBUG Engine               - Architecture: amd64
02:26:57.719 [JavaFX Application Thread] INFO  Engine               - Source code and latest versions at: https://github.com/AlmasB/FXGL
02:26:57.720 [JavaFX Application Thread] INFO  Engine               -       Ask questions and discuss at: https://github.com/AlmasB/FXGL/discussions
02:26:57.720 [JavaFX Application Thread] INFO  Engine               -              Join the FXGL chat at: https://gitter.im/AlmasB/FXGL
02:26:57.808 [JavaFX Application Thread] DEBUG PrimaryStageWindow   - Creating a JavaFX scene
02:26:57.902 [JavaFX Application Thread] DEBUG PrimaryStageWindow   - Target settings size: 1000.0 x 600.0
02:26:57.903 [JavaFX Application Thread] DEBUG PrimaryStageWindow   - Scaled scene size:    1000.0 x 600.0
02:26:57.903 [JavaFX Application Thread] DEBUG PrimaryStageWindow   - Scaled ratio: (1.0, 1.0)
02:26:57.904 [JavaFX Application Thread] DEBUG PrimaryStageWindow   - Set initial scene to FXGLStartupScene
02:26:57.906 [JavaFX Application Thread] DEBUG PrimaryStageWindow   - Opening main window
02:26:57.933 [JavaFX Application Thread] DEBUG PrimaryStageWindow   - Window border size: (0.0, 35.0)
02:26:57.933 [JavaFX Application Thread] DEBUG PrimaryStageWindow   - Scaled size: 1000.0 x 565.0
02:26:57.934 [JavaFX Application Thread] DEBUG PrimaryStageWindow   - Scaled ratio: (1.0, 0.9416666666666667)
02:26:57.934 [JavaFX Application Thread] DEBUG PrimaryStageWindow   - Scene size: 1000.0 x 600.0
02:26:57.934 [JavaFX Application Thread] DEBUG PrimaryStageWindow   - Stage size: 1000.0 x 600.0
02:26:57.939 [FXGL Background Thread 1 ] DEBUG Engine               - Initializing environment variables
02:26:57.982 [FXGL Background Thread 1 ] DEBUG FXGLAssetLoaderServi - User app class for loading assets: class com.restaurant.simulador.App
02:26:57.982 [FXGL Background Thread 1 ] DEBUG GameApplicationServi - Applying CSS: fxgl_dark.css
02:26:57.983 [FXGL Background Thread 1 ] DEBUG FXGLAssetLoaderServi - Loading from file system: jar:file:///home/yael/.m2/repository/com/github/almasb/fxgl/17.3/fxgl-17.3.jar!/fxglassets/ui/css/fxgl_dark.css
02:26:58.020 [FXGL Background Thread 1 ] DEBUG GameApplicationServi - Initializing application scenes
02:26:58.064 [FXGL Background Thread 1 ] DEBUG GameWorld            - Game world initialized
02:26:58.133 [FXGL Background Thread 1 ] DEBUG PhysicsWorld         - Physics world initialized: appHeight=600, physics.ppm=50,0
02:26:58.134 [FXGL Background Thread 1 ] DEBUG PhysicsWorld         - Using strategy: BRUTE_FORCE
02:26:58.137 [FXGL Background Thread 1 ] DEBUG GameScene            - Game scene initialized: 1000x600
02:26:58.146 [FXGL Background Thread 1 ] DEBUG FXGL.DefaultMenu     - createMenuBodyGameMenu()
02:26:58.158 [FXGL Background Thread 1 ] DEBUG FXGL.DefaultMenu     - createOptionsMenu()
02:26:58.166 [FXGL Background Thread 1 ] DEBUG FXGLAssetLoaderServi - Loading from file system: jar:file:///home/yael/.m2/repository/com/github/almasb/fxgl/17.3/fxgl-17.3.jar!/fxglassets/textures/particles/smoke.png
02:26:58.235 [FXGL Background Thread 1 ] DEBUG FXGLAssetLoaderServi - Loading from file system: jar:file:///home/yael/.m2/repository/com/github/almasb/fxgl/17.3/fxgl-17.3.jar!/fxglassets/textures/particles/trace_horizontal.png
02:26:58.260 [FXGL Background Thread 1 ] DEBUG GameApplicationServi - Application scenes initialized
02:26:58.272 [FXGL Background Thread 1 ] DEBUG SystemBundleService  - Loading FXGL system data
02:26:58.276 [FXGL Background Thread 1 ] DEBUG FileSystemAccess     - Reading from: /home/yael/Documentos/Universidad/concurrente/c3/mi-restaurant/restaurant-simulador/system/fxgl.bundle
02:26:58.286 [FXGL Background Thread 1 ] DEBUG SystemBundleService  - Bundle FXGL: {}
02:26:58.286 [FXGL Background Thread 1 ] DEBUG UpdaterService       - Checking for updates
02:26:58.289 [FXGL Background Thread 4 ] DEBUG FXGLApplication      - Loading fonts
02:26:58.289 [FXGL Background Thread 4 ] DEBUG FXGLAssetLoaderServi - Loading from file system: jar:file:///home/yael/.m2/repository/com/github/almasb/fxgl/17.3/fxgl-17.3.jar!/fxglassets/ui/fonts/VarelaRound-Regular.ttf
02:26:58.289 [FXGL Background Thread 1 ] DEBUG FXGLApplication      - Loading default localization
02:26:58.289 [FXGL Background Thread 1 ] DEBUG FXGLAssetLoaderServi - Loading from file system: jar:file:///home/yael/.m2/repository/com/github/almasb/fxgl/17.3/fxgl-17.3.jar!/fxglassets/languages/english.lang
02:26:58.295 [FXGL Background Thread 4 ] DEBUG FXGLAssetLoaderServi - Loading from file system: jar:file:///home/yael/.m2/repository/com/github/almasb/fxgl/17.3/fxgl-17.3.jar!/fxglassets/ui/fonts/Abel-Regular.ttf
02:26:58.297 [FXGL Background Thread 4 ] DEBUG FXGLAssetLoaderServi - Loading from file system: jar:file:///home/yael/.m2/repository/com/github/almasb/fxgl/17.3/fxgl-17.3.jar!/fxglassets/ui/fonts/TerminalLandMono-Regular.otf
02:26:58.299 [FXGL Background Thread 4 ] DEBUG FXGLAssetLoaderServi - Loading from file system: jar:file:///home/yael/.m2/repository/com/github/almasb/fxgl/17.3/fxgl-17.3.jar!/fxglassets/ui/fonts/Courier-Prime.ttf
02:26:58.302 [JavaFX Application Thread] DEBUG FXGLApplication      - Registering font factories with UI factory
02:26:58.304 [FXGL Background Thread 1 ] INFO  FXGLApplication      - FXGL initialization took: 0,365 sec
02:26:58.305 [JavaFX Application Thread] DEBUG FXGLAssetLoaderServi - Loading from file system: jar:file:///home/yael/.m2/repository/com/github/almasb/fxgl/17.3/fxgl-17.3.jar!/fxglassets/textures/fxgl_icon.png
02:26:58.330 [JavaFX Application Thread] DEBUG FXGLAssetLoaderServi - Loading from file system: jar:file:///home/yael/.m2/repository/com/github/almasb/fxgl/17.3/fxgl-17.3.jar!/fxglassets/textures/fxgl_default_cursor.png
02:26:58.341 [JavaFX Application Thread] DEBUG Input                - Registered new binding: Screenshot - CTRL+8
02:26:58.341 [JavaFX Application Thread] DEBUG Input                - Registered new binding: System info dump - CTRL+9
02:26:58.342 [JavaFX Application Thread] DEBUG Input                - Registered new binding: Restart - CTRL+R
02:26:58.342 [JavaFX Application Thread] DEBUG Input                - Registered new binding: Toggle Debug Camera - CTRL+7
02:26:58.344 [JavaFX Application Thread] DEBUG LoopRunner           - Starting loop
02:26:58.344 [JavaFX Application Thread] DEBUG LoopRunner           - Initializing JavaFX AnimationTimerLoop
02:26:58.345 [JavaFX Application Thread] DEBUG GameApplicationServi - Starting new game
02:26:58.345 [JavaFX Application Thread] DEBUG Input                - Clearing active input actions
02:26:58.356 [JavaFX Application Thread] DEBUG GameApplicationServi - Removing overlay from FXGLStartupScene and adding to FXGLLoadingScene
02:26:58.356 [JavaFX Application Thread] DEBUG PrimaryStageWindow   - FXGLStartupScene -> FXGLLoadingScene
02:26:58.357 [JavaFX Application Thread] DEBUG GameApplicationServi - Clearing previous game
02:26:58.357 [JavaFX Application Thread] DEBUG GameScene            - Clearing game scene
02:26:58.357 [JavaFX Application Thread] DEBUG GameWorld            - Clearing game world
02:26:58.357 [JavaFX Application Thread] DEBUG PhysicsWorld         - Clearing physics world
02:26:58.358 [FXGL Background Thread 1 ] DEBUG FXGLApplication      - Initializing game
02:26:58.369 [FXGL Background Thread 1 ] INFO  FXGLApplication      - Game initialization took: 0,011 sec
02:26:58.461 [JavaFX Application Thread] DEBUG Input                - Clearing active input actions
02:26:58.484 [JavaFX Application Thread] DEBUG GameApplicationServi - Removing overlay from FXGLLoadingScene and adding to GameScene
02:26:58.485 [JavaFX Application Thread] DEBUG PrimaryStageWindow   - FXGLLoadingScene -> GameScene
02:26:58.847 [FXGL Background Thread 2 ] INFO  UpdaterService       - Your current version:  17.3
02:26:58.848 [FXGL Background Thread 2 ] INFO  UpdaterService       - Latest stable version: 21.1
02:27:01.288 [FXGL Background Thread 3 ] DEBUG Engine               - Logging environment variables
02:27:01.290 [FXGL Background Thread 3 ] DEBUG Engine               - achievements: []
02:27:01.291 [FXGL Background Thread 3 ] DEBUG Engine               - actualHeight: 565.0
02:27:01.291 [FXGL Background Thread 3 ] DEBUG Engine               - actualHeightProperty: ReadOnlyDoubleProperty [value: 601.0]
02:27:01.292 [FXGL Background Thread 3 ] DEBUG Engine               - actualWidth: 1000.0
02:27:01.292 [FXGL Background Thread 3 ] DEBUG Engine               - actualWidthProperty: ReadOnlyDoubleProperty [value: 1000.0]
02:27:01.293 [FXGL Background Thread 3 ] DEBUG Engine               - appIcon: fxgl_icon.png
02:27:01.293 [FXGL Background Thread 3 ] DEBUG Engine               - applicationMode: DEVELOPER
02:27:01.293 [FXGL Background Thread 3 ] DEBUG Engine               - cSSList: [fxgl_dark.css]
02:27:01.294 [FXGL Background Thread 3 ] DEBUG Engine               - collisionDetectionStrategy: BRUTE_FORCE
02:27:01.294 [FXGL Background Thread 3 ] DEBUG Engine               - configClass: Optional.empty
02:27:01.294 [FXGL Background Thread 3 ] DEBUG Engine               - credits: []
02:27:01.295 [FXGL Background Thread 3 ] DEBUG Engine               - defaultCursor: CursorInfo(imageName=fxgl_default_cursor.png, hotspotX=7.0, hotspotY=6.0)
02:27:01.296 [FXGL Background Thread 3 ] DEBUG Engine               - devBBoxColorProperty: ObjectProperty [value: 0xff0000ff]
02:27:01.296 [FXGL Background Thread 3 ] DEBUG Engine               - devEnableDebugCameraProperty: BooleanProperty [value: false]
02:27:01.297 [FXGL Background Thread 3 ] DEBUG Engine               - devSensorColorProperty: ObjectProperty [value: 0xffff00ff]
02:27:01.297 [FXGL Background Thread 3 ] DEBUG Engine               - devShowBBoxProperty: BooleanProperty [value: false]
02:27:01.297 [FXGL Background Thread 3 ] DEBUG Engine               - devShowPositionProperty: BooleanProperty [value: false]
02:27:01.297 [FXGL Background Thread 3 ] DEBUG Engine               - enabledMenuItems: []
02:27:01.298 [FXGL Background Thread 3 ] DEBUG Engine               - engineServices: [class com.almasb.fxgl.app.services.FXGLAssetLoaderService, class com.almasb.fxgl.app.FXGLApplication$GameApplicationService, class com.almasb.fxgl.app.services.FXGLDialogService, class com.almasb.fxgl.app.services.IOTaskExecutorService, class com.almasb.fxgl.io.FileSystemService, class com.almasb.fxgl.localization.LocalizationService, class com.almasb.fxgl.app.services.SystemBundleService, class com.almasb.fxgl.profile.SaveLoadService, class com.almasb.fxgl.ui.FXGLUIFactoryServiceProvider, class com.almasb.fxgl.ui.FXGLDialogFactoryServiceProvider, class com.almasb.fxgl.audio.AudioPlayer, class com.almasb.fxgl.notification.impl.NotificationServiceProvider, class com.almasb.fxgl.achievement.AchievementService, class com.almasb.fxgl.cutscene.CutsceneService, class com.almasb.fxgl.minigames.MiniGameService, class com.almasb.fxgl.net.NetService, class com.almasb.fxgl.app.services.UpdaterService, class com.almasb.fxgl.dev.DevService]
02:27:01.298 [FXGL Background Thread 3 ] DEBUG Engine               - fontGame: Abel-Regular.ttf
02:27:01.298 [FXGL Background Thread 3 ] DEBUG Engine               - fontMono: TerminalLandMono-Regular.otf
02:27:01.299 [FXGL Background Thread 3 ] DEBUG Engine               - fontSizeScaleUI: 1.0
02:27:01.299 [FXGL Background Thread 3 ] DEBUG Engine               - fontText: Courier-Prime.ttf
02:27:01.299 [FXGL Background Thread 3 ] DEBUG Engine               - fontUI: VarelaRound-Regular.ttf
02:27:01.299 [FXGL Background Thread 3 ] DEBUG Engine               - fullScreen: BooleanProperty [value: false]
02:27:01.300 [FXGL Background Thread 3 ] DEBUG Engine               - gameDifficulty: MEDIUM
02:27:01.300 [FXGL Background Thread 3 ] DEBUG Engine               - gameDifficultyProperty: ObjectProperty [value: MEDIUM]
02:27:01.300 [FXGL Background Thread 3 ] DEBUG Engine               - globalMusicVolume: 0.5
02:27:01.300 [FXGL Background Thread 3 ] DEBUG Engine               - globalMusicVolumeProperty: DoubleProperty [value: 0.5]
02:27:01.301 [FXGL Background Thread 3 ] DEBUG Engine               - globalSoundVolume: 0.5
02:27:01.301 [FXGL Background Thread 3 ] DEBUG Engine               - globalSoundVolumeProperty: DoubleProperty [value: 0.5]
02:27:01.301 [FXGL Background Thread 3 ] DEBUG Engine               - height: 600
02:27:01.301 [FXGL Background Thread 3 ] DEBUG Engine               - is3D: false
02:27:01.302 [FXGL Background Thread 3 ] DEBUG Engine               - isAndroid: false
02:27:01.302 [FXGL Background Thread 3 ] DEBUG Engine               - isBrowser: false
02:27:01.302 [FXGL Background Thread 3 ] DEBUG Engine               - isClickFeedbackEnabled: false
02:27:01.302 [FXGL Background Thread 3 ] DEBUG Engine               - isCloseConfirmation: false
02:27:01.303 [FXGL Background Thread 3 ] DEBUG Engine               - isDesktop: true
02:27:01.303 [FXGL Background Thread 3 ] DEBUG Engine               - isDeveloperMenuEnabled: false
02:27:01.303 [FXGL Background Thread 3 ] DEBUG Engine               - isEmbedded: false
02:27:01.303 [FXGL Background Thread 3 ] DEBUG Engine               - isEntityPreloadEnabled: true
02:27:01.303 [FXGL Background Thread 3 ] DEBUG Engine               - isExperimentalTiledLargeMap: false
02:27:01.304 [FXGL Background Thread 3 ] DEBUG Engine               - isFileSystemWriteAllowed: true
02:27:01.304 [FXGL Background Thread 3 ] DEBUG Engine               - isFullScreenAllowed: false
02:27:01.304 [FXGL Background Thread 3 ] DEBUG Engine               - isFullScreenFromStart: false
02:27:01.304 [FXGL Background Thread 3 ] DEBUG Engine               - isGameMenuEnabled: true
02:27:01.304 [FXGL Background Thread 3 ] DEBUG Engine               - isIOS: false
02:27:01.305 [FXGL Background Thread 3 ] DEBUG Engine               - isIntroEnabled: false
02:27:01.305 [FXGL Background Thread 3 ] DEBUG Engine               - isLinux: true
02:27:01.305 [FXGL Background Thread 3 ] DEBUG Engine               - isMac: false
02:27:01.305 [FXGL Background Thread 3 ] DEBUG Engine               - isMainMenuEnabled: false
02:27:01.305 [FXGL Background Thread 3 ] DEBUG Engine               - isManualResizeEnabled: false
02:27:01.306 [FXGL Background Thread 3 ] DEBUG Engine               - isMobile: false
02:27:01.306 [FXGL Background Thread 3 ] DEBUG Engine               - isNative: false
02:27:01.306 [FXGL Background Thread 3 ] DEBUG Engine               - isPauseMusicWhenMinimized: true
02:27:01.307 [FXGL Background Thread 3 ] DEBUG Engine               - isPreserveResizeRatio: false
02:27:01.307 [FXGL Background Thread 3 ] DEBUG Engine               - isProfilingEnabled: false
02:27:01.308 [FXGL Background Thread 3 ] DEBUG Engine               - isScaleAffectedOnResize: true
02:27:01.308 [FXGL Background Thread 3 ] DEBUG Engine               - isSingleStep: false
02:27:01.308 [FXGL Background Thread 3 ] DEBUG Engine               - isUserProfileEnabled: false
02:27:01.308 [FXGL Background Thread 3 ] DEBUG Engine               - isWindows: false
02:27:01.309 [FXGL Background Thread 3 ] DEBUG Engine               - language: ObjectProperty [value: ENGLISH]
02:27:01.309 [FXGL Background Thread 3 ] DEBUG Engine               - menuKey: ESCAPE
02:27:01.309 [FXGL Background Thread 3 ] DEBUG Engine               - mouseSensitivity: 0.2
02:27:01.309 [FXGL Background Thread 3 ] DEBUG Engine               - notificationViewClass: class com.almasb.fxgl.notification.view.XboxNotificationView
02:27:01.310 [FXGL Background Thread 3 ] DEBUG Engine               - pixelsPerMeter: 50.0
02:27:01.310 [FXGL Background Thread 3 ] DEBUG Engine               - platform: LINUX
02:27:01.310 [FXGL Background Thread 3 ] DEBUG Engine               - prefHeightProperty: ReadOnlyDoubleProperty [value: 600.0]
02:27:01.311 [FXGL Background Thread 3 ] DEBUG Engine               - prefWidthProperty: ReadOnlyDoubleProperty [value: 1000.0]
02:27:01.311 [FXGL Background Thread 3 ] DEBUG Engine               - profileDir: profiles/
02:27:01.311 [FXGL Background Thread 3 ] DEBUG Engine               - profileName: StringProperty [value: DEFAULT]
02:27:01.312 [FXGL Background Thread 3 ] DEBUG Engine               - randomSeed: -1
02:27:01.313 [FXGL Background Thread 3 ] DEBUG Engine               - runtimeInfo: RuntimeInfo(platform=LINUX, version=17.3, build=30.03.2023 11.49)
02:27:01.314 [FXGL Background Thread 3 ] DEBUG Engine               - saveFileExt: sav
02:27:01.314 [FXGL Background Thread 3 ] DEBUG Engine               - scaledHeightProp$fxgl: DoubleProperty [bound, value: 601.0]
02:27:01.314 [FXGL Background Thread 3 ] DEBUG Engine               - scaledWidthProp$fxgl: DoubleProperty [bound, value: 1000.0]
02:27:01.315 [FXGL Background Thread 3 ] DEBUG Engine               - sceneFactory: com.almasb.fxgl.app.scene.SceneFactory@712c22c1
02:27:01.315 [FXGL Background Thread 3 ] DEBUG Engine               - secondsIn24h: 60
02:27:01.315 [FXGL Background Thread 3 ] DEBUG Engine               - soundMenuBack: menu/back.wav
02:27:01.315 [FXGL Background Thread 3 ] DEBUG Engine               - soundMenuPress: menu/press.wav
02:27:01.316 [FXGL Background Thread 3 ] DEBUG Engine               - soundMenuSelect: menu/select.wav
02:27:01.316 [FXGL Background Thread 3 ] DEBUG Engine               - soundNotification: core/notification.wav
02:27:01.316 [FXGL Background Thread 3 ] DEBUG Engine               - stageStyle: DECORATED
02:27:01.316 [FXGL Background Thread 3 ] DEBUG Engine               - supportedLanguages: [ENGLISH, FRENCH, GERMAN, HUNGARIAN, RUSSIAN]
02:27:01.316 [FXGL Background Thread 3 ] DEBUG Engine               - ticksPerSecond: -1
02:27:01.317 [FXGL Background Thread 3 ] DEBUG Engine               - title: Simulador de Restaurante
02:27:01.317 [FXGL Background Thread 3 ] DEBUG Engine               - urlGithub: https://github.com/AlmasB/FXGL
02:27:01.317 [FXGL Background Thread 3 ] DEBUG Engine               - urlLeaderboard: http://fxgl-top.herokuapp.com/
02:27:01.317 [FXGL Background Thread 3 ] DEBUG Engine               - urlPOM: https://raw.githubusercontent.com/AlmasB/FXGL/release/README.md
02:27:01.317 [FXGL Background Thread 3 ] DEBUG Engine               - userAppClass: class com.restaurant.simulador.App
02:27:01.318 [FXGL Background Thread 3 ] DEBUG Engine               - version: 1.0
02:27:01.318 [FXGL Background Thread 3 ] DEBUG Engine               - versionCheckDays: 7
02:27:01.318 [FXGL Background Thread 3 ] DEBUG Engine               - width: 1000
02:27:01.318 [FXGL Background Thread 3 ] DEBUG Engine               - Logging services
02:27:01.318 [FXGL Background Thread 3 ] DEBUG Engine               - class com.almasb.fxgl.app.services.FXGLAssetLoaderService
02:27:01.319 [FXGL Background Thread 3 ] DEBUG Engine               - class com.almasb.fxgl.app.FXGLApplication$GameApplicationService
02:27:01.319 [FXGL Background Thread 3 ] DEBUG Engine               - class com.almasb.fxgl.app.services.FXGLDialogService
02:27:01.319 [FXGL Background Thread 3 ] DEBUG Engine               - class com.almasb.fxgl.app.services.IOTaskExecutorService
02:27:01.320 [FXGL Background Thread 3 ] DEBUG Engine               - class com.almasb.fxgl.io.FileSystemService
02:27:01.320 [FXGL Background Thread 3 ] DEBUG Engine               - class com.almasb.fxgl.localization.LocalizationService
02:27:01.320 [FXGL Background Thread 3 ] DEBUG Engine               - class com.almasb.fxgl.app.services.SystemBundleService
02:27:01.320 [FXGL Background Thread 3 ] DEBUG Engine               - class com.almasb.fxgl.profile.SaveLoadService
02:27:01.320 [FXGL Background Thread 3 ] DEBUG Engine               - class com.almasb.fxgl.ui.FXGLUIFactoryServiceProvider
02:27:01.321 [FXGL Background Thread 3 ] DEBUG Engine               - class com.almasb.fxgl.ui.FXGLDialogFactoryServiceProvider
02:27:01.321 [FXGL Background Thread 3 ] DEBUG Engine               - class com.almasb.fxgl.audio.AudioPlayer
02:27:01.321 [FXGL Background Thread 3 ] DEBUG Engine               - class com.almasb.fxgl.notification.impl.NotificationServiceProvider
02:27:01.321 [FXGL Background Thread 3 ] DEBUG Engine               - class com.almasb.fxgl.achievement.AchievementService
02:27:01.321 [FXGL Background Thread 3 ] DEBUG Engine               - class com.almasb.fxgl.cutscene.CutsceneService
02:27:01.321 [FXGL Background Thread 3 ] DEBUG Engine               - class com.almasb.fxgl.minigames.MiniGameService
02:27:01.322 [FXGL Background Thread 3 ] DEBUG Engine               - class com.almasb.fxgl.net.NetService
02:27:01.322 [FXGL Background Thread 3 ] DEBUG Engine               - class com.almasb.fxgl.app.services.UpdaterService
02:27:01.322 [FXGL Background Thread 3 ] DEBUG Engine               - class com.almasb.fxgl.dev.DevService
02:28:38.111 [JavaFX Application Thread] DEBUG FXGLApplication      - Exiting FXGL
02:28:38.112 [JavaFX Application Thread] DEBUG LoopRunner           - Stopping loop
02:28:38.112 [JavaFX Application Thread] DEBUG SystemBundleService  - Saving FXGL system data
02:28:38.117 [JavaFX Application Thread] DEBUG FileSystemAccess     - Writing to: /home/yael/Documentos/Universidad/concurrente/c3/mi-restaurant/restaurant-simulador/system/fxgl.bundle
02:28:38.126 [JavaFX Application Thread] DEBUG Async                - Shutting down background threads
02:28:38.127 [JavaFX Application Thread] DEBUG PrimaryStageWindow   - Closing main window
02:28:38.134 [JavaFX Application Thread] DEBUG Logger               - Closing Logger
