02:37:04.685 [main                     ] DEBUG Logger               - Configured Logger
02:37:04.739 [main                     ] DEBUG GameApplication      - Logging settings
Title: Simulador de Restaurante
Version: 1.0
Width: 1000
Height: 600
Fullscreen: false
Intro: false
Profiling: false
Single step:false
App Mode: DEVELOPER
Menu Key: ESCAPE
Stage Style: DECORATED
Scene Factory: class com.almasb.fxgl.app.scene.SceneFactory

02:37:05.546 [JavaFX Application Thread] DEBUG FXGLApplication      - Initializing FXGL
02:37:05.561 [JavaFX Application Thread] INFO  Engine               - FXGL-17.3 (30.03.2023 11.49) on LINUX (J:21.0.5 FX:21.0.1)
02:37:05.563 [JavaFX Application Thread] DEBUG Engine               - JRE Vendor Name: Ubuntu
02:37:05.564 [JavaFX Application Thread] DEBUG Engine               - Running on OS: Linux version 6.8.0-49-generic
02:37:05.565 [JavaFX Application Thread] DEBUG Engine               - Architecture: amd64
02:37:05.565 [JavaFX Application Thread] INFO  Engine               - Source code and latest versions at: https://github.com/AlmasB/FXGL
02:37:05.565 [JavaFX Application Thread] INFO  Engine               -       Ask questions and discuss at: https://github.com/AlmasB/FXGL/discussions
02:37:05.566 [JavaFX Application Thread] INFO  Engine               -              Join the FXGL chat at: https://gitter.im/AlmasB/FXGL
02:37:05.897 [JavaFX Application Thread] DEBUG PrimaryStageWindow   - Creating a JavaFX scene
02:37:06.025 [JavaFX Application Thread] DEBUG PrimaryStageWindow   - Target settings size: 1000.0 x 600.0
02:37:06.025 [JavaFX Application Thread] DEBUG PrimaryStageWindow   - Scaled scene size:    1000.0 x 600.0
02:37:06.026 [JavaFX Application Thread] DEBUG PrimaryStageWindow   - Scaled ratio: (1.0, 1.0)
02:37:06.027 [JavaFX Application Thread] DEBUG PrimaryStageWindow   - Set initial scene to FXGLStartupScene
02:37:06.031 [JavaFX Application Thread] DEBUG PrimaryStageWindow   - Opening main window
02:37:06.078 [JavaFX Application Thread] DEBUG PrimaryStageWindow   - Window border size: (0.0, 35.0)
02:37:06.079 [JavaFX Application Thread] DEBUG PrimaryStageWindow   - Scaled size: 1000.0 x 565.0
02:37:06.079 [JavaFX Application Thread] DEBUG PrimaryStageWindow   - Scaled ratio: (1.0, 0.9416666666666667)
02:37:06.079 [JavaFX Application Thread] DEBUG PrimaryStageWindow   - Scene size: 1000.0 x 600.0
02:37:06.080 [JavaFX Application Thread] DEBUG PrimaryStageWindow   - Stage size: 1000.0 x 600.0
02:37:06.089 [FXGL Background Thread 1 ] DEBUG Engine               - Initializing environment variables
02:37:06.187 [FXGL Background Thread 1 ] DEBUG FXGLAssetLoaderServi - User app class for loading assets: class com.restaurant.simulador.App
02:37:06.187 [FXGL Background Thread 1 ] DEBUG GameApplicationServi - Applying CSS: fxgl_dark.css
02:37:06.188 [FXGL Background Thread 1 ] DEBUG FXGLAssetLoaderServi - Loading from file system: jar:file:///home/yael/.m2/repository/com/github/almasb/fxgl/17.3/fxgl-17.3.jar!/fxglassets/ui/css/fxgl_dark.css
02:37:06.286 [FXGL Background Thread 1 ] DEBUG GameApplicationServi - Initializing application scenes
02:37:06.358 [FXGL Background Thread 1 ] DEBUG GameWorld            - Game world initialized
02:37:06.520 [FXGL Background Thread 1 ] DEBUG PhysicsWorld         - Physics world initialized: appHeight=600, physics.ppm=50,0
02:37:06.521 [FXGL Background Thread 1 ] DEBUG PhysicsWorld         - Using strategy: BRUTE_FORCE
02:37:06.529 [FXGL Background Thread 1 ] DEBUG GameScene            - Game scene initialized: 1000x600
02:37:06.552 [FXGL Background Thread 1 ] DEBUG FXGL.DefaultMenu     - createMenuBodyGameMenu()
02:37:06.577 [FXGL Background Thread 1 ] DEBUG FXGL.DefaultMenu     - createOptionsMenu()
02:37:06.590 [FXGL Background Thread 1 ] DEBUG FXGLAssetLoaderServi - Loading from file system: jar:file:///home/yael/.m2/repository/com/github/almasb/fxgl/17.3/fxgl-17.3.jar!/fxglassets/textures/particles/smoke.png
02:37:06.741 [FXGL Background Thread 1 ] DEBUG FXGLAssetLoaderServi - Loading from file system: jar:file:///home/yael/.m2/repository/com/github/almasb/fxgl/17.3/fxgl-17.3.jar!/fxglassets/textures/particles/trace_horizontal.png
02:37:06.834 [FXGL Background Thread 1 ] DEBUG GameApplicationServi - Application scenes initialized
02:37:06.855 [FXGL Background Thread 1 ] DEBUG SystemBundleService  - Loading FXGL system data
02:37:06.874 [FXGL Background Thread 1 ] DEBUG FileSystemAccess     - Reading from: /home/yael/Documentos/Universidad/concurrente/c3/mi-restaurant/restaurant-simulador/system/fxgl.bundle
02:37:06.894 [FXGL Background Thread 1 ] DEBUG SystemBundleService  - Bundle FXGL: {}
02:37:06.894 [FXGL Background Thread 1 ] DEBUG UpdaterService       - Checking for updates
02:37:06.902 [FXGL Background Thread 4 ] DEBUG FXGLApplication      - Loading fonts
02:37:06.903 [FXGL Background Thread 4 ] DEBUG FXGLAssetLoaderServi - Loading from file system: jar:file:///home/yael/.m2/repository/com/github/almasb/fxgl/17.3/fxgl-17.3.jar!/fxglassets/ui/fonts/VarelaRound-Regular.ttf
02:37:06.904 [FXGL Background Thread 1 ] DEBUG FXGLApplication      - Loading default localization
02:37:06.905 [FXGL Background Thread 1 ] DEBUG FXGLAssetLoaderServi - Loading from file system: jar:file:///home/yael/.m2/repository/com/github/almasb/fxgl/17.3/fxgl-17.3.jar!/fxglassets/languages/english.lang
02:37:06.914 [FXGL Background Thread 4 ] DEBUG FXGLAssetLoaderServi - Loading from file system: jar:file:///home/yael/.m2/repository/com/github/almasb/fxgl/17.3/fxgl-17.3.jar!/fxglassets/ui/fonts/Abel-Regular.ttf
02:37:06.917 [FXGL Background Thread 4 ] DEBUG FXGLAssetLoaderServi - Loading from file system: jar:file:///home/yael/.m2/repository/com/github/almasb/fxgl/17.3/fxgl-17.3.jar!/fxglassets/ui/fonts/TerminalLandMono-Regular.otf
02:37:06.920 [FXGL Background Thread 4 ] DEBUG FXGLAssetLoaderServi - Loading from file system: jar:file:///home/yael/.m2/repository/com/github/almasb/fxgl/17.3/fxgl-17.3.jar!/fxglassets/ui/fonts/Courier-Prime.ttf
02:37:06.926 [JavaFX Application Thread] DEBUG FXGLApplication      - Registering font factories with UI factory
02:37:06.937 [FXGL Background Thread 1 ] INFO  FXGLApplication      - FXGL initialization took: 0,847 sec
02:37:06.939 [JavaFX Application Thread] DEBUG FXGLAssetLoaderServi - Loading from file system: jar:file:///home/yael/.m2/repository/com/github/almasb/fxgl/17.3/fxgl-17.3.jar!/fxglassets/textures/fxgl_icon.png
02:37:06.981 [JavaFX Application Thread] DEBUG FXGLAssetLoaderServi - Loading from file system: jar:file:///home/yael/.m2/repository/com/github/almasb/fxgl/17.3/fxgl-17.3.jar!/fxglassets/textures/fxgl_default_cursor.png
02:37:06.999 [JavaFX Application Thread] DEBUG Input                - Registered new binding: Screenshot - CTRL+8
02:37:07.000 [JavaFX Application Thread] DEBUG Input                - Registered new binding: System info dump - CTRL+9
02:37:07.001 [JavaFX Application Thread] DEBUG Input                - Registered new binding: Restart - CTRL+R
02:37:07.002 [JavaFX Application Thread] DEBUG Input                - Registered new binding: Toggle Debug Camera - CTRL+7
02:37:07.006 [JavaFX Application Thread] DEBUG LoopRunner           - Starting loop
02:37:07.006 [JavaFX Application Thread] DEBUG LoopRunner           - Initializing JavaFX AnimationTimerLoop
02:37:07.008 [JavaFX Application Thread] DEBUG GameApplicationServi - Starting new game
02:37:07.009 [JavaFX Application Thread] DEBUG Input                - Clearing active input actions
02:37:07.037 [JavaFX Application Thread] DEBUG GameApplicationServi - Removing overlay from FXGLStartupScene and adding to FXGLLoadingScene
02:37:07.038 [JavaFX Application Thread] DEBUG PrimaryStageWindow   - FXGLStartupScene -> FXGLLoadingScene
02:37:07.038 [JavaFX Application Thread] DEBUG GameApplicationServi - Clearing previous game
02:37:07.038 [JavaFX Application Thread] DEBUG GameScene            - Clearing game scene
02:37:07.039 [JavaFX Application Thread] DEBUG GameWorld            - Clearing game world
02:37:07.039 [JavaFX Application Thread] DEBUG PhysicsWorld         - Clearing physics world
02:37:07.041 [FXGL Background Thread 1 ] DEBUG FXGLApplication      - Initializing game
02:37:07.073 [FXGL Background Thread 1 ] INFO  FXGLApplication      - Game initialization took: 0,031 sec
02:37:07.244 [JavaFX Application Thread] DEBUG Input                - Clearing active input actions
02:37:07.285 [JavaFX Application Thread] DEBUG GameApplicationServi - Removing overlay from FXGLLoadingScene and adding to GameScene
02:37:07.285 [JavaFX Application Thread] DEBUG PrimaryStageWindow   - FXGLLoadingScene -> GameScene
02:37:07.943 [FXGL Background Thread 2 ] INFO  UpdaterService       - Your current version:  17.3
02:37:07.944 [FXGL Background Thread 2 ] INFO  UpdaterService       - Latest stable version: 21.1
02:37:09.900 [FXGL Background Thread 3 ] DEBUG Engine               - Logging environment variables
02:37:09.902 [FXGL Background Thread 3 ] DEBUG Engine               - achievements: []
02:37:09.902 [FXGL Background Thread 3 ] DEBUG Engine               - actualHeight: 565.0
02:37:09.902 [FXGL Background Thread 3 ] DEBUG Engine               - actualHeightProperty: ReadOnlyDoubleProperty [value: 601.0]
02:37:09.903 [FXGL Background Thread 3 ] DEBUG Engine               - actualWidth: 1000.0
02:37:09.903 [FXGL Background Thread 3 ] DEBUG Engine               - actualWidthProperty: ReadOnlyDoubleProperty [value: 1000.0]
02:37:09.903 [FXGL Background Thread 3 ] DEBUG Engine               - appIcon: fxgl_icon.png
02:37:09.904 [FXGL Background Thread 3 ] DEBUG Engine               - applicationMode: DEVELOPER
02:37:09.904 [FXGL Background Thread 3 ] DEBUG Engine               - cSSList: [fxgl_dark.css]
02:37:09.904 [FXGL Background Thread 3 ] DEBUG Engine               - collisionDetectionStrategy: BRUTE_FORCE
02:37:09.905 [FXGL Background Thread 3 ] DEBUG Engine               - configClass: Optional.empty
02:37:09.905 [FXGL Background Thread 3 ] DEBUG Engine               - credits: []
02:37:09.906 [FXGL Background Thread 3 ] DEBUG Engine               - defaultCursor: CursorInfo(imageName=fxgl_default_cursor.png, hotspotX=7.0, hotspotY=6.0)
02:37:09.906 [FXGL Background Thread 3 ] DEBUG Engine               - devBBoxColorProperty: ObjectProperty [value: 0xff0000ff]
02:37:09.907 [FXGL Background Thread 3 ] DEBUG Engine               - devEnableDebugCameraProperty: BooleanProperty [value: false]
02:37:09.907 [FXGL Background Thread 3 ] DEBUG Engine               - devSensorColorProperty: ObjectProperty [value: 0xffff00ff]
02:37:09.908 [FXGL Background Thread 3 ] DEBUG Engine               - devShowBBoxProperty: BooleanProperty [value: false]
02:37:09.908 [FXGL Background Thread 3 ] DEBUG Engine               - devShowPositionProperty: BooleanProperty [value: false]
02:37:09.908 [FXGL Background Thread 3 ] DEBUG Engine               - enabledMenuItems: []
02:37:09.908 [FXGL Background Thread 3 ] DEBUG Engine               - engineServices: [class com.almasb.fxgl.app.services.FXGLAssetLoaderService, class com.almasb.fxgl.app.FXGLApplication$GameApplicationService, class com.almasb.fxgl.app.services.FXGLDialogService, class com.almasb.fxgl.app.services.IOTaskExecutorService, class com.almasb.fxgl.io.FileSystemService, class com.almasb.fxgl.localization.LocalizationService, class com.almasb.fxgl.app.services.SystemBundleService, class com.almasb.fxgl.profile.SaveLoadService, class com.almasb.fxgl.ui.FXGLUIFactoryServiceProvider, class com.almasb.fxgl.ui.FXGLDialogFactoryServiceProvider, class com.almasb.fxgl.audio.AudioPlayer, class com.almasb.fxgl.notification.impl.NotificationServiceProvider, class com.almasb.fxgl.achievement.AchievementService, class com.almasb.fxgl.cutscene.CutsceneService, class com.almasb.fxgl.minigames.MiniGameService, class com.almasb.fxgl.net.NetService, class com.almasb.fxgl.app.services.UpdaterService, class com.almasb.fxgl.dev.DevService]
02:37:09.909 [FXGL Background Thread 3 ] DEBUG Engine               - fontGame: Abel-Regular.ttf
02:37:09.909 [FXGL Background Thread 3 ] DEBUG Engine               - fontMono: TerminalLandMono-Regular.otf
02:37:09.909 [FXGL Background Thread 3 ] DEBUG Engine               - fontSizeScaleUI: 1.0
02:37:09.909 [FXGL Background Thread 3 ] DEBUG Engine               - fontText: Courier-Prime.ttf
02:37:09.910 [FXGL Background Thread 3 ] DEBUG Engine               - fontUI: VarelaRound-Regular.ttf
02:37:09.910 [FXGL Background Thread 3 ] DEBUG Engine               - fullScreen: BooleanProperty [value: false]
02:37:09.910 [FXGL Background Thread 3 ] DEBUG Engine               - gameDifficulty: MEDIUM
02:37:09.910 [FXGL Background Thread 3 ] DEBUG Engine               - gameDifficultyProperty: ObjectProperty [value: MEDIUM]
02:37:09.911 [FXGL Background Thread 3 ] DEBUG Engine               - globalMusicVolume: 0.5
02:37:09.911 [FXGL Background Thread 3 ] DEBUG Engine               - globalMusicVolumeProperty: DoubleProperty [value: 0.5]
02:37:09.911 [FXGL Background Thread 3 ] DEBUG Engine               - globalSoundVolume: 0.5
02:37:09.911 [FXGL Background Thread 3 ] DEBUG Engine               - globalSoundVolumeProperty: DoubleProperty [value: 0.5]
02:37:09.912 [FXGL Background Thread 3 ] DEBUG Engine               - height: 600
02:37:09.912 [FXGL Background Thread 3 ] DEBUG Engine               - is3D: false
02:37:09.912 [FXGL Background Thread 3 ] DEBUG Engine               - isAndroid: false
02:37:09.912 [FXGL Background Thread 3 ] DEBUG Engine               - isBrowser: false
02:37:09.913 [FXGL Background Thread 3 ] DEBUG Engine               - isClickFeedbackEnabled: false
02:37:09.913 [FXGL Background Thread 3 ] DEBUG Engine               - isCloseConfirmation: false
02:37:09.913 [FXGL Background Thread 3 ] DEBUG Engine               - isDesktop: true
02:37:09.913 [FXGL Background Thread 3 ] DEBUG Engine               - isDeveloperMenuEnabled: false
02:37:09.914 [FXGL Background Thread 3 ] DEBUG Engine               - isEmbedded: false
02:37:09.914 [FXGL Background Thread 3 ] DEBUG Engine               - isEntityPreloadEnabled: true
02:37:09.914 [FXGL Background Thread 3 ] DEBUG Engine               - isExperimentalTiledLargeMap: false
02:37:09.914 [FXGL Background Thread 3 ] DEBUG Engine               - isFileSystemWriteAllowed: true
02:37:09.914 [FXGL Background Thread 3 ] DEBUG Engine               - isFullScreenAllowed: false
02:37:09.915 [FXGL Background Thread 3 ] DEBUG Engine               - isFullScreenFromStart: false
02:37:09.915 [FXGL Background Thread 3 ] DEBUG Engine               - isGameMenuEnabled: true
02:37:09.915 [FXGL Background Thread 3 ] DEBUG Engine               - isIOS: false
02:37:09.915 [FXGL Background Thread 3 ] DEBUG Engine               - isIntroEnabled: false
02:37:09.916 [FXGL Background Thread 3 ] DEBUG Engine               - isLinux: true
02:37:09.916 [FXGL Background Thread 3 ] DEBUG Engine               - isMac: false
02:37:09.916 [FXGL Background Thread 3 ] DEBUG Engine               - isMainMenuEnabled: false
02:37:09.916 [FXGL Background Thread 3 ] DEBUG Engine               - isManualResizeEnabled: false
02:37:09.916 [FXGL Background Thread 3 ] DEBUG Engine               - isMobile: false
02:37:09.917 [FXGL Background Thread 3 ] DEBUG Engine               - isNative: false
02:37:09.917 [FXGL Background Thread 3 ] DEBUG Engine               - isPauseMusicWhenMinimized: true
02:37:09.917 [FXGL Background Thread 3 ] DEBUG Engine               - isPreserveResizeRatio: false
02:37:09.918 [FXGL Background Thread 3 ] DEBUG Engine               - isProfilingEnabled: false
02:37:09.918 [FXGL Background Thread 3 ] DEBUG Engine               - isScaleAffectedOnResize: true
02:37:09.918 [FXGL Background Thread 3 ] DEBUG Engine               - isSingleStep: false
02:37:09.919 [FXGL Background Thread 3 ] DEBUG Engine               - isUserProfileEnabled: false
02:37:09.919 [FXGL Background Thread 3 ] DEBUG Engine               - isWindows: false
02:37:09.919 [FXGL Background Thread 3 ] DEBUG Engine               - language: ObjectProperty [value: ENGLISH]
02:37:09.919 [FXGL Background Thread 3 ] DEBUG Engine               - menuKey: ESCAPE
02:37:09.920 [FXGL Background Thread 3 ] DEBUG Engine               - mouseSensitivity: 0.2
02:37:09.920 [FXGL Background Thread 3 ] DEBUG Engine               - notificationViewClass: class com.almasb.fxgl.notification.view.XboxNotificationView
02:37:09.920 [FXGL Background Thread 3 ] DEBUG Engine               - pixelsPerMeter: 50.0
02:37:09.920 [FXGL Background Thread 3 ] DEBUG Engine               - platform: LINUX
02:37:09.920 [FXGL Background Thread 3 ] DEBUG Engine               - prefHeightProperty: ReadOnlyDoubleProperty [value: 600.0]
02:37:09.921 [FXGL Background Thread 3 ] DEBUG Engine               - prefWidthProperty: ReadOnlyDoubleProperty [value: 1000.0]
02:37:09.921 [FXGL Background Thread 3 ] DEBUG Engine               - profileDir: profiles/
02:37:09.921 [FXGL Background Thread 3 ] DEBUG Engine               - profileName: StringProperty [value: DEFAULT]
02:37:09.921 [FXGL Background Thread 3 ] DEBUG Engine               - randomSeed: -1
02:37:09.922 [FXGL Background Thread 3 ] DEBUG Engine               - runtimeInfo: RuntimeInfo(platform=LINUX, version=17.3, build=30.03.2023 11.49)
02:37:09.922 [FXGL Background Thread 3 ] DEBUG Engine               - saveFileExt: sav
02:37:09.923 [FXGL Background Thread 3 ] DEBUG Engine               - scaledHeightProp$fxgl: DoubleProperty [bound, value: 601.0]
02:37:09.923 [FXGL Background Thread 3 ] DEBUG Engine               - scaledWidthProp$fxgl: DoubleProperty [bound, value: 1000.0]
02:37:09.923 [FXGL Background Thread 3 ] DEBUG Engine               - sceneFactory: com.almasb.fxgl.app.scene.SceneFactory@21c07c26
02:37:09.923 [FXGL Background Thread 3 ] DEBUG Engine               - secondsIn24h: 60
02:37:09.924 [FXGL Background Thread 3 ] DEBUG Engine               - soundMenuBack: menu/back.wav
02:37:09.924 [FXGL Background Thread 3 ] DEBUG Engine               - soundMenuPress: menu/press.wav
02:37:09.924 [FXGL Background Thread 3 ] DEBUG Engine               - soundMenuSelect: menu/select.wav
02:37:09.924 [FXGL Background Thread 3 ] DEBUG Engine               - soundNotification: core/notification.wav
02:37:09.924 [FXGL Background Thread 3 ] DEBUG Engine               - stageStyle: DECORATED
02:37:09.925 [FXGL Background Thread 3 ] DEBUG Engine               - supportedLanguages: [ENGLISH, FRENCH, GERMAN, HUNGARIAN, RUSSIAN]
02:37:09.925 [FXGL Background Thread 3 ] DEBUG Engine               - ticksPerSecond: -1
02:37:09.925 [FXGL Background Thread 3 ] DEBUG Engine               - title: Simulador de Restaurante
02:37:09.925 [FXGL Background Thread 3 ] DEBUG Engine               - urlGithub: https://github.com/AlmasB/FXGL
02:37:09.926 [FXGL Background Thread 3 ] DEBUG Engine               - urlLeaderboard: http://fxgl-top.herokuapp.com/
02:37:09.926 [FXGL Background Thread 3 ] DEBUG Engine               - urlPOM: https://raw.githubusercontent.com/AlmasB/FXGL/release/README.md
02:37:09.926 [FXGL Background Thread 3 ] DEBUG Engine               - userAppClass: class com.restaurant.simulador.App
02:37:09.926 [FXGL Background Thread 3 ] DEBUG Engine               - version: 1.0
02:37:09.927 [FXGL Background Thread 3 ] DEBUG Engine               - versionCheckDays: 7
02:37:09.927 [FXGL Background Thread 3 ] DEBUG Engine               - width: 1000
02:37:09.927 [FXGL Background Thread 3 ] DEBUG Engine               - Logging services
02:37:09.928 [FXGL Background Thread 3 ] DEBUG Engine               - class com.almasb.fxgl.app.services.FXGLAssetLoaderService
02:37:09.928 [FXGL Background Thread 3 ] DEBUG Engine               - class com.almasb.fxgl.app.FXGLApplication$GameApplicationService
02:37:09.928 [FXGL Background Thread 3 ] DEBUG Engine               - class com.almasb.fxgl.app.services.FXGLDialogService
02:37:09.928 [FXGL Background Thread 3 ] DEBUG Engine               - class com.almasb.fxgl.app.services.IOTaskExecutorService
02:37:09.928 [FXGL Background Thread 3 ] DEBUG Engine               - class com.almasb.fxgl.io.FileSystemService
02:37:09.929 [FXGL Background Thread 3 ] DEBUG Engine               - class com.almasb.fxgl.localization.LocalizationService
02:37:09.929 [FXGL Background Thread 3 ] DEBUG Engine               - class com.almasb.fxgl.app.services.SystemBundleService
02:37:09.929 [FXGL Background Thread 3 ] DEBUG Engine               - class com.almasb.fxgl.profile.SaveLoadService
02:37:09.929 [FXGL Background Thread 3 ] DEBUG Engine               - class com.almasb.fxgl.ui.FXGLUIFactoryServiceProvider
02:37:09.929 [FXGL Background Thread 3 ] DEBUG Engine               - class com.almasb.fxgl.ui.FXGLDialogFactoryServiceProvider
02:37:09.930 [FXGL Background Thread 3 ] DEBUG Engine               - class com.almasb.fxgl.audio.AudioPlayer
02:37:09.930 [FXGL Background Thread 3 ] DEBUG Engine               - class com.almasb.fxgl.notification.impl.NotificationServiceProvider
02:37:09.930 [FXGL Background Thread 3 ] DEBUG Engine               - class com.almasb.fxgl.achievement.AchievementService
02:37:09.930 [FXGL Background Thread 3 ] DEBUG Engine               - class com.almasb.fxgl.cutscene.CutsceneService
02:37:09.930 [FXGL Background Thread 3 ] DEBUG Engine               - class com.almasb.fxgl.minigames.MiniGameService
02:37:09.930 [FXGL Background Thread 3 ] DEBUG Engine               - class com.almasb.fxgl.net.NetService
02:37:09.930 [FXGL Background Thread 3 ] DEBUG Engine               - class com.almasb.fxgl.app.services.UpdaterService
02:37:09.931 [FXGL Background Thread 3 ] DEBUG Engine               - class com.almasb.fxgl.dev.DevService
02:39:49.800 [JavaFX Application Thread] DEBUG FXGLApplication      - Exiting FXGL
02:39:49.800 [JavaFX Application Thread] DEBUG LoopRunner           - Stopping loop
02:39:49.800 [JavaFX Application Thread] DEBUG SystemBundleService  - Saving FXGL system data
02:39:49.820 [JavaFX Application Thread] DEBUG FileSystemAccess     - Writing to: /home/yael/Documentos/Universidad/concurrente/c3/mi-restaurant/restaurant-simulador/system/fxgl.bundle
02:39:49.828 [JavaFX Application Thread] DEBUG Async                - Shutting down background threads
02:39:49.829 [JavaFX Application Thread] DEBUG PrimaryStageWindow   - Closing main window
02:39:49.834 [JavaFX Application Thread] DEBUG Logger               - Closing Logger
